TN:
SF:src/v1/controllers/product/product.controller.ts
FN:14,(anonymous_1)
FN:18,(anonymous_2)
FN:37,(anonymous_3)
FN:56,(anonymous_4)
FN:75,(anonymous_5)
FN:84,(anonymous_6)
FNF:6
FNH:1
FNDA:3,(anonymous_1)
FNDA:0,(anonymous_2)
FNDA:0,(anonymous_3)
FNDA:0,(anonymous_4)
FNDA:0,(anonymous_5)
FNDA:0,(anonymous_6)
DA:1,1
DA:2,1
DA:3,1
DA:4,1
DA:5,1
DA:6,1
DA:13,1
DA:14,1
DA:15,3
DA:18,1
DA:19,0
DA:21,0
DA:24,0
DA:25,0
DA:28,0
DA:32,0
DA:34,0
DA:37,1
DA:38,0
DA:39,0
DA:41,0
DA:42,0
DA:44,0
DA:45,0
DA:47,0
DA:52,0
DA:53,0
DA:56,1
DA:57,0
DA:58,0
DA:60,0
DA:61,0
DA:63,0
DA:65,0
DA:66,0
DA:68,0
DA:70,0
DA:72,0
DA:75,1
DA:76,0
DA:77,0
DA:79,0
DA:80,0
DA:81,0
DA:84,1
DA:85,0
DA:86,0
DA:87,0
DA:88,0
DA:90,0
DA:92,0
DA:94,0
DA:95,0
DA:96,0
DA:99,0
DA:100,0
LF:56
LH:14
BRDA:24,0,0,0
BRDA:41,1,0,0
BRDA:45,2,0,0
BRDA:58,3,0,0
BRDA:61,4,0,0
BRDA:65,5,0,0
BRDA:65,6,0,0
BRDA:65,6,1,0
BRDA:77,7,0,0
BRDA:80,8,0,0
BRDA:87,9,0,0
BRDA:87,9,1,0
BRDA:88,10,0,0
BRDA:88,10,1,0
BRDA:92,11,0,0
BRDA:94,12,0,0
BRDA:94,13,0,0
BRDA:94,13,1,0
BRDA:96,14,0,0
BRF:19
BRH:0
end_of_record
TN:
SF:src/v1/utils/catchAsync.js
FN:3,(anonymous_0)
FN:3,(anonymous_1)
FNF:2
FNH:1
FNDA:5,(anonymous_0)
FNDA:0,(anonymous_1)
DA:2,1
DA:3,5
DA:4,0
DA:6,1
LF:4
LH:3
BRF:0
BRH:0
end_of_record
TN:
SF:src/v1/utils/eventLogger.js
FN:5,(anonymous_0)
FN:14,(anonymous_1)
FNF:2
FNH:0
FNDA:0,(anonymous_0)
FNDA:0,(anonymous_1)
DA:2,1
DA:3,1
DA:4,1
DA:5,1
DA:6,0
DA:13,1
DA:14,1
DA:15,0
DA:17,1
LF:9
LH:7
BRF:0
BRH:0
end_of_record
TN:
SF:src/v1/utils/exception.js
FN:5,(anonymous_0)
FN:13,(anonymous_1)
FN:19,(anonymous_2)
FN:25,(anonymous_3)
FNF:4
FNH:0
FNDA:0,(anonymous_0)
FNDA:0,(anonymous_1)
FNDA:0,(anonymous_2)
FNDA:0,(anonymous_3)
DA:2,1
DA:3,1
DA:6,0
DA:7,0
DA:8,0
DA:11,1
DA:14,0
DA:17,1
DA:20,0
DA:23,1
DA:26,0
DA:29,1
LF:12
LH:6
BRDA:14,0,0,0
BRDA:14,0,1,0
BRDA:20,1,0,0
BRDA:20,1,1,0
BRDA:26,2,0,0
BRDA:26,2,1,0
BRF:6
BRH:0
end_of_record
TN:
SF:src/v1/utils/paginate.js
FN:2,(anonymous_0)
FN:3,adopt
FN:3,(anonymous_2)
FN:4,(anonymous_3)
FN:5,fulfilled
FN:6,rejected
FN:7,step
FN:13,(anonymous_7)
FN:13,(anonymous_8)
FNF:9
FNH:0
FNDA:0,(anonymous_0)
FNDA:0,adopt
FNDA:0,(anonymous_2)
FNDA:0,(anonymous_3)
FNDA:0,fulfilled
FNDA:0,rejected
FNDA:0,step
FNDA:0,(anonymous_7)
FNDA:0,(anonymous_8)
DA:2,1
DA:3,0
DA:4,0
DA:5,0
DA:6,0
DA:7,0
DA:8,0
DA:11,1
DA:12,1
DA:13,1
DA:15,0
DA:16,0
DA:21,0
DA:22,0
DA:23,0
DA:25,1
LF:16
LH:5
BRDA:2,0,0,1
BRDA:2,0,1,1
BRDA:2,0,2,1
BRDA:3,1,0,0
BRDA:3,1,1,0
BRDA:4,2,0,0
BRDA:4,2,1,0
BRDA:7,3,0,0
BRDA:7,3,1,0
BRDA:8,4,0,0
BRDA:8,4,1,0
BRDA:13,5,0,0
BRDA:13,6,0,0
BRDA:13,7,0,0
BRF:14
BRH:3
end_of_record
TN:
SF:src/v1/utils/response.js
FN:4,(anonymous_0)
FNF:1
FNH:0
FNDA:0,(anonymous_0)
DA:2,1
DA:5,0
DA:9,0
DA:12,1
LF:4
LH:2
BRDA:7,0,0,0
BRDA:7,0,1,0
BRF:2
BRH:0
end_of_record
